2023-03-09 12:29:04.875 [info] Extension host with pid 37013 started
2023-03-09 12:29:05.528 [info] ExtensionService#_doActivateExtension vscode.microsoft-authentication, startup: false, activationEvent: 'onAuthenticationRequest:microsoft'
2023-03-09 12:29:05.537 [info] ExtensionService#_doActivateExtension vscode.git-base, startup: true, activationEvent: '*', root cause: vscode.git
2023-03-09 12:29:06.009 [info] ExtensionService#_doActivateExtension vscode.git, startup: true, activationEvent: '*'
2023-03-09 12:29:06.010 [info] ExtensionService#_doActivateExtension vscode.github, startup: true, activationEvent: '*'
2023-03-09 12:29:06.400 [info] Eager extensions activated
2023-03-09 12:29:06.444 [info] ExtensionService#_doActivateExtension vscode.debug-auto-launch, startup: false, activationEvent: 'onStartupFinished'
2023-03-09 12:29:06.445 [info] ExtensionService#_doActivateExtension vscode.emmet, startup: false, activationEvent: 'onStartupFinished'
2023-03-09 12:29:06.445 [info] ExtensionService#_doActivateExtension vscode.merge-conflict, startup: false, activationEvent: 'onStartupFinished'
2023-03-09 12:29:06.614 [info] ExtensionService#_doActivateExtension vscode.github-authentication, startup: false, activationEvent: 'onAuthenticationRequest:github'
2023-03-09 12:29:45.030 [info] Extension host terminating: received terminate message from renderer
2023-03-09 12:29:45.067 [info] Extension host with pid 37013 exiting with code 0
2023-03-09 12:29:48.058 [info] Extension host with pid 37496 started
2023-03-09 12:29:48.058 [info] Skipping acquiring lock for /home/gopath/src/k8s_customize_controller/~/.vscode/User/workspaceStorage/c9f41a0ab942613a1822a797feb1ff70.
2023-03-09 12:29:48.247 [info] ExtensionService#_doActivateExtension vscode.microsoft-authentication, startup: false, activationEvent: 'onAuthenticationRequest:microsoft'
2023-03-09 12:29:48.248 [info] ExtensionService#_doActivateExtension vscode.git-base, startup: true, activationEvent: '*'
2023-03-09 12:29:48.442 [info] ExtensionService#_doActivateExtension vscode.github, startup: true, activationEvent: '*'
2023-03-09 12:29:48.538 [info] ExtensionService#_doActivateExtension vscode.github-authentication, startup: false, activationEvent: 'onAuthenticationRequest:github'
2023-03-09 12:29:48.579 [info] Eager extensions activated
2023-03-09 12:29:48.582 [info] ExtensionService#_doActivateExtension vscode.debug-auto-launch, startup: false, activationEvent: 'onStartupFinished'
2023-03-09 12:29:48.583 [info] ExtensionService#_doActivateExtension vscode.emmet, startup: false, activationEvent: 'onStartupFinished'
2023-03-09 12:29:48.583 [info] ExtensionService#_doActivateExtension vscode.merge-conflict, startup: false, activationEvent: 'onStartupFinished'
2023-03-09 12:29:49.598 [info] ExtensionService#_doActivateExtension vscode.git, startup: false, activationEvent: 'api', root cause: vscode.github
2023-03-09 12:29:54.916 [info] ExtensionService#_doActivateExtension golang.go, startup: false, activationEvent: 'onLanguage:go.mod'
2023-03-09 12:33:33.289 [error] [golang.go] provider FAILED
2023-03-09 12:33:33.293 [error] Error: context canceled
	at handleResponse (/root/.vscode/extensions/golang.go-0.37.1/dist/goMain.js:4470:40)
	at processMessageQueue (/root/.vscode/extensions/golang.go-0.37.1/dist/goMain.js:4293:13)
	at Immediate.<anonymous> (/root/.vscode/extensions/golang.go-0.37.1/dist/goMain.js:4279:11)
	at process.processImmediate (node:internal/timers:466:21)
2023-03-09 12:36:38.629 [error] [golang.go] provider FAILED
2023-03-09 12:36:38.636 [error] Error: invalid end position
	at handleResponse (/root/.vscode/extensions/golang.go-0.37.1/dist/goMain.js:4470:40)
	at processMessageQueue (/root/.vscode/extensions/golang.go-0.37.1/dist/goMain.js:4293:13)
	at Immediate.<anonymous> (/root/.vscode/extensions/golang.go-0.37.1/dist/goMain.js:4279:11)
	at process.processImmediate (node:internal/timers:466:21)
2023-03-09 12:39:37.178 [error] [golang.go] provider FAILED
2023-03-09 12:39:37.178 [error] Error: invalid end position
	at handleResponse (/root/.vscode/extensions/golang.go-0.37.1/dist/goMain.js:4470:40)
	at processMessageQueue (/root/.vscode/extensions/golang.go-0.37.1/dist/goMain.js:4293:13)
	at Immediate.<anonymous> (/root/.vscode/extensions/golang.go-0.37.1/dist/goMain.js:4279:11)
	at process.processImmediate (node:internal/timers:466:21)
2023-03-09 17:24:53.269 [info] Extension host terminating: received terminate message from renderer
2023-03-09 17:24:53.699 [info] Extension host with pid 37496 exiting with code 0
