2023-03-09 12:28:59.054 [info] Added views:workbench.panel.markers.view in workbench.panel.markers
2023-03-09 12:28:59.054 [info] Added views:workbench.panel.output in workbench.panel.output
2023-03-09 12:28:59.054 [info] Added views:terminal in terminal
2023-03-09 12:28:59.054 [info] Added views:outline in workbench.view.explorer
2023-03-09 12:28:59.054 [info] Added views:workbench.scm in workbench.view.scm
2023-03-09 12:28:59.054 [info] Added views:workbench.view.search in workbench.view.search
2023-03-09 12:28:59.054 [info] Added views:timeline in workbench.view.explorer
2023-03-09 12:28:59.054 [info] Added views:workbench.explorer.emptyView in workbench.view.explorer
2023-03-09 12:28:59.054 [info] Added views:workbench.debug.variablesView,workbench.debug.watchExpressionsView,workbench.debug.callStackView,workbench.debug.breakPointsView in workbench.view.debug
2023-03-09 12:29:05.502 [info] Added views:workbench.panel.repl.view in workbench.panel.repl
2023-03-09 12:29:05.527 [info] Removed views:workbench.debug.breakPointsView,workbench.debug.callStackView,workbench.debug.watchExpressionsView,workbench.debug.variablesView from workbench.view.debug
2023-03-09 12:29:05.528 [info] Added views:workbench.debug.welcome in workbench.view.debug
2023-03-09 12:29:46.275 [info] Added views:workbench.panel.markers.view in workbench.panel.markers
2023-03-09 12:29:46.275 [info] Added views:workbench.panel.output in workbench.panel.output
2023-03-09 12:29:46.275 [info] Added views:terminal in terminal
2023-03-09 12:29:46.275 [info] Added views:outline in workbench.view.explorer
2023-03-09 12:29:46.275 [info] Added views:workbench.scm in workbench.view.scm
2023-03-09 12:29:46.275 [info] Added views:workbench.view.search in workbench.view.search
2023-03-09 12:29:46.275 [info] Added views:timeline in workbench.view.explorer
2023-03-09 12:29:46.275 [info] Added views:workbench.explorer.fileView in workbench.view.explorer
2023-03-09 12:29:46.275 [info] Added views:workbench.debug.variablesView,workbench.debug.watchExpressionsView,workbench.debug.callStackView,workbench.debug.breakPointsView in workbench.view.debug
2023-03-09 12:29:48.222 [info] Added views:workbench.panel.repl.view in workbench.panel.repl
2023-03-09 12:29:48.222 [info] Removed views:workbench.debug.breakPointsView,workbench.debug.callStackView,workbench.debug.watchExpressionsView,workbench.debug.variablesView from workbench.view.debug
2023-03-09 12:29:48.224 [info] Added views:workbench.debug.welcome in workbench.view.debug
2023-03-09 12:29:56.940 [info] Added views:workbench.view.testing in workbench.view.extension.test
2023-03-09 12:29:56.959 [info] Added views:go.explorer in workbench.view.explorer
2023-03-09 17:24:53.352 [info] Removed views:workbench.view.testing from workbench.view.extension.test
